2023-01-02 17:23:48.183  INFO 8380 --- [main] c.k.zproject.ZprojectApplicationTests    : Starting ZprojectApplicationTests using Java 1.8.0_131 on KGISL075 with PID 8380 (started by inzamam.km in D:\mohamed\java\zproject)
2023-01-02 17:23:48.185  INFO 8380 --- [main] c.k.zproject.ZprojectApplicationTests    : No active profile set, falling back to 1 default profile: "default"
2023-01-02 17:23:48.253 DEBUG 8380 --- [main] o.s.w.c.s.GenericWebApplicationContext   : Refreshing org.springframework.web.context.support.GenericWebApplicationContext@2654635
2023-01-02 17:23:48.872  INFO 8380 --- [main] .s.d.r.c.RepositoryConfigurationDelegate : Bootstrapping Spring Data JPA repositories in DEFAULT mode.
2023-01-02 17:23:48.948  INFO 8380 --- [main] .s.d.r.c.RepositoryConfigurationDelegate : Finished Spring Data repository scanning in 59 ms. Found 1 JPA repository interfaces.
2023-01-02 17:23:50.270  INFO 8380 --- [main] com.zaxxer.hikari.HikariDataSource       : HikariPool-1 - Starting...
2023-01-02 17:23:50.544  INFO 8380 --- [main] com.zaxxer.hikari.HikariDataSource       : HikariPool-1 - Start completed.
2023-01-02 17:23:51.176  INFO 8380 --- [main] j.LocalContainerEntityManagerFactoryBean : Initialized JPA EntityManagerFactory for persistence unit 'default'
2023-01-02 17:23:51.513  WARN 8380 --- [main] JpaBaseConfiguration$JpaWebConfiguration : spring.jpa.open-in-view is enabled by default. Therefore, database queries may be performed during view rendering. Explicitly configure spring.jpa.open-in-view to disable this warning
2023-01-02 17:23:51.856 DEBUG 8380 --- [main] s.w.s.m.m.a.RequestMappingHandlerAdapter : ControllerAdvice beans: 0 @ModelAttribute, 0 @InitBinder, 1 RequestBodyAdvice, 1 ResponseBodyAdvice
2023-01-02 17:23:51.932  INFO 8380 --- [main] o.s.b.a.h2.H2ConsoleAutoConfiguration    : H2 console available at '/h2db'. Database available at 'jdbc:h2:file:~/zproject'
2023-01-02 17:23:52.041 DEBUG 8380 --- [main] s.w.s.m.m.a.RequestMappingHandlerMapping : 7 mappings in 'requestMappingHandlerMapping'
2023-01-02 17:23:52.094 DEBUG 8380 --- [main] o.s.w.s.handler.SimpleUrlHandlerMapping  : Patterns [/webjars/**, /**] in 'resourceHandlerMapping'
2023-01-02 17:23:52.116 DEBUG 8380 --- [main] .m.m.a.ExceptionHandlerExceptionResolver : ControllerAdvice beans: 0 @ExceptionHandler, 1 ResponseBodyAdvice
2023-01-02 17:23:52.826  INFO 8380 --- [main] c.k.zproject.ZprojectApplicationTests    : Started ZprojectApplicationTests in 4.97 seconds (JVM running for 6.116)
2023-01-02 17:23:52.983 DEBUG 8380 --- [SpringApplicationShutdownHook] o.s.w.c.s.GenericWebApplicationContext   : Closing org.springframework.web.context.support.GenericWebApplicationContext@2654635, started on Mon Jan 02 17:23:48 IST 2023
2023-01-02 17:23:52.988  INFO 8380 --- [SpringApplicationShutdownHook] j.LocalContainerEntityManagerFactoryBean : Closing JPA EntityManagerFactory for persistence unit 'default'
2023-01-02 17:23:52.991  INFO 8380 --- [SpringApplicationShutdownHook] com.zaxxer.hikari.HikariDataSource       : HikariPool-1 - Shutdown initiated...
2023-01-02 17:23:52.995  INFO 8380 --- [SpringApplicationShutdownHook] com.zaxxer.hikari.HikariDataSource       : HikariPool-1 - Shutdown completed.
2023-01-02 17:24:15.789  INFO 5764 --- [main] com.kgisl.zproject.ZprojectApplication   : Starting ZprojectApplication using Java 1.8.0_131 on KGISL075 with PID 5764 (D:\mohamed\java\zproject\target\classes started by inzamam.km in D:\mohamed\java\zproject)
2023-01-02 17:24:15.792  INFO 5764 --- [main] com.kgisl.zproject.ZprojectApplication   : No active profile set, falling back to 1 default profile: "default"
2023-01-02 17:24:16.237  INFO 5764 --- [main] .s.d.r.c.RepositoryConfigurationDelegate : Bootstrapping Spring Data JPA repositories in DEFAULT mode.
2023-01-02 17:24:16.292  INFO 5764 --- [main] .s.d.r.c.RepositoryConfigurationDelegate : Finished Spring Data repository scanning in 41 ms. Found 1 JPA repository interfaces.
2023-01-02 17:24:16.893  INFO 5764 --- [main] o.s.b.w.embedded.tomcat.TomcatWebServer  : Tomcat initialized with port(s): 8081 (http)
2023-01-02 17:24:16.908  INFO 5764 --- [main] o.apache.catalina.core.StandardService   : Starting service [Tomcat]
2023-01-02 17:24:16.909  INFO 5764 --- [main] org.apache.catalina.core.StandardEngine  : Starting Servlet engine: [Apache Tomcat/9.0.70]
2023-01-02 17:24:17.089  INFO 5764 --- [main] o.a.c.c.C.[Tomcat].[localhost].[/]       : Initializing Spring embedded WebApplicationContext
2023-01-02 17:24:17.089  INFO 5764 --- [main] w.s.c.ServletWebServerApplicationContext : Root WebApplicationContext: initialization completed in 1261 ms
2023-01-02 17:24:17.130  INFO 5764 --- [main] com.zaxxer.hikari.HikariDataSource       : HikariPool-1 - Starting...
2023-01-02 17:24:17.257  INFO 5764 --- [main] com.zaxxer.hikari.HikariDataSource       : HikariPool-1 - Start completed.
2023-01-02 17:24:17.269  INFO 5764 --- [main] o.s.b.a.h2.H2ConsoleAutoConfiguration    : H2 console available at '/h2db'. Database available at 'jdbc:h2:file:~/zproject'
2023-01-02 17:24:18.018  INFO 5764 --- [main] j.LocalContainerEntityManagerFactoryBean : Initialized JPA EntityManagerFactory for persistence unit 'default'
2023-01-02 17:24:18.081  WARN 5764 --- [main] JpaBaseConfiguration$JpaWebConfiguration : spring.jpa.open-in-view is enabled by default. Therefore, database queries may be performed during view rendering. Explicitly configure spring.jpa.open-in-view to disable this warning
2023-01-02 17:24:18.211 DEBUG 5764 --- [main] s.w.s.m.m.a.RequestMappingHandlerAdapter : ControllerAdvice beans: 0 @ModelAttribute, 0 @InitBinder, 1 RequestBodyAdvice, 1 ResponseBodyAdvice
2023-01-02 17:24:18.282 DEBUG 5764 --- [main] s.w.s.m.m.a.RequestMappingHandlerMapping : 7 mappings in 'requestMappingHandlerMapping'
2023-01-02 17:24:18.308 DEBUG 5764 --- [main] o.s.w.s.handler.SimpleUrlHandlerMapping  : Patterns [/webjars/**, /**] in 'resourceHandlerMapping'
2023-01-02 17:24:18.318 DEBUG 5764 --- [main] .m.m.a.ExceptionHandlerExceptionResolver : ControllerAdvice beans: 0 @ExceptionHandler, 1 ResponseBodyAdvice
2023-01-02 17:24:18.641  INFO 5764 --- [main] o.s.b.w.embedded.tomcat.TomcatWebServer  : Tomcat started on port(s): 8081 (http) with context path ''
2023-01-02 17:24:18.647  INFO 5764 --- [main] com.kgisl.zproject.ZprojectApplication   : Started ZprojectApplication in 3.217 seconds (JVM running for 3.637)
2023-01-02 17:24:27.434  INFO 5764 --- [http-nio-8081-exec-1] o.a.c.c.C.[Tomcat].[localhost].[/]       : Initializing Spring DispatcherServlet 'dispatcherServlet'
2023-01-02 17:24:27.434  INFO 5764 --- [http-nio-8081-exec-1] o.s.web.servlet.DispatcherServlet        : Initializing Servlet 'dispatcherServlet'
2023-01-02 17:24:27.434 DEBUG 5764 --- [http-nio-8081-exec-1] o.s.web.servlet.DispatcherServlet        : Detected StandardServletMultipartResolver
2023-01-02 17:24:27.435 DEBUG 5764 --- [http-nio-8081-exec-1] o.s.web.servlet.DispatcherServlet        : Detected AcceptHeaderLocaleResolver
2023-01-02 17:24:27.435 DEBUG 5764 --- [http-nio-8081-exec-1] o.s.web.servlet.DispatcherServlet        : Detected FixedThemeResolver
2023-01-02 17:24:27.436 DEBUG 5764 --- [http-nio-8081-exec-1] o.s.web.servlet.DispatcherServlet        : Detected org.springframework.web.servlet.view.DefaultRequestToViewNameTranslator@2313db84
2023-01-02 17:24:27.437 DEBUG 5764 --- [http-nio-8081-exec-1] o.s.web.servlet.DispatcherServlet        : Detected org.springframework.web.servlet.support.SessionFlashMapManager@4fb64e14
2023-01-02 17:24:27.437 DEBUG 5764 --- [http-nio-8081-exec-1] o.s.web.servlet.DispatcherServlet        : enableLoggingRequestDetails='false': request parameters and headers will be masked to prevent unsafe logging of potentially sensitive data
2023-01-02 17:24:27.438  INFO 5764 --- [http-nio-8081-exec-1] o.s.web.servlet.DispatcherServlet        : Completed initialization in 4 ms
2023-01-02 17:24:27.451 DEBUG 5764 --- [http-nio-8081-exec-1] o.s.web.servlet.DispatcherServlet        : GET "/api/", parameters={}
2023-01-02 17:24:27.455 DEBUG 5764 --- [http-nio-8081-exec-1] s.w.s.m.m.a.RequestMappingHandlerMapping : Mapped to com.kgisl.zproject.controller.TeamController#all()
2023-01-02 17:24:27.498 DEBUG 5764 --- [http-nio-8081-exec-1] o.s.w.s.m.m.a.HttpEntityMethodProcessor  : Using 'application/json;q=0.8', given [text/html, application/xhtml+xml, image/avif, image/webp, image/apng, application/xml;q=0.9, application/signed-exchange;v=b3;q=0.9, */*;q=0.8] and supported [application/json, application/*+json, application/json, application/*+json]
2023-01-02 17:24:27.499 DEBUG 5764 --- [http-nio-8081-exec-1] o.s.w.s.m.m.a.HttpEntityMethodProcessor  : Nothing to write: null body
2023-01-02 17:24:27.501 DEBUG 5764 --- [http-nio-8081-exec-1] o.s.web.servlet.DispatcherServlet        : Completed 200 OK
